[2020-09-08 07:33:54] local.ERROR: Class 'Collective\Html\HtmlServiceProvider' not found {"exception":"[object] (Error(code: 0): Class 'Collective\\Html\\HtmlServiceProvider' not found at /home/nxgbxuzv/crm.nxgbs.com/vendor/laravel/framework/src/Illuminate/Foundation/ProviderRepository.php:208)
[stacktrace]
#0 /home/nxgbxuzv/crm.nxgbs.com/vendor/laravel/framework/src/Illuminate/Foundation/ProviderRepository.php(144): Illuminate\\Foundation\\ProviderRepository->createProvider('Collective\\\\Html...')
#1 /home/nxgbxuzv/crm.nxgbs.com/vendor/laravel/framework/src/Illuminate/Foundation/ProviderRepository.php(61): Illuminate\\Foundation\\ProviderRepository->compileManifest(Array)
#2 /home/nxgbxuzv/crm.nxgbs.com/vendor/laravel/framework/src/Illuminate/Foundation/Application.php(604): Illuminate\\Foundation\\ProviderRepository->load(Array)
#3 /home/nxgbxuzv/crm.nxgbs.com/vendor/laravel/framework/src/Illuminate/Foundation/Bootstrap/RegisterProviders.php(17): Illuminate\\Foundation\\Application->registerConfiguredProviders()
#4 /home/nxgbxuzv/crm.nxgbs.com/vendor/laravel/framework/src/Illuminate/Foundation/Application.php(230): Illuminate\\Foundation\\Bootstrap\\RegisterProviders->bootstrap(Object(Illuminate\\Foundation\\Application))
#5 /home/nxgbxuzv/crm.nxgbs.com/vendor/laravel/framework/src/Illuminate/Foundation/Console/Kernel.php(310): Illuminate\\Foundation\\Application->bootstrapWith(Array)
#6 /home/nxgbxuzv/crm.nxgbs.com/vendor/laravel/framework/src/Illuminate/Foundation/Console/Kernel.php(127): Illuminate\\Foundation\\Console\\Kernel->bootstrap()
#7 /home/nxgbxuzv/crm.nxgbs.com/artisan(37): Illuminate\\Foundation\\Console\\Kernel->handle(Object(Symfony\\Component\\Console\\Input\\ArgvInput), Object(Symfony\\Component\\Console\\Output\\ConsoleOutput))
#8 {main}
"} 
[2020-09-08 07:34:18] local.ERROR: Class 'Collective\Html\HtmlServiceProvider' not found {"exception":"[object] (Error(code: 0): Class 'Collective\\Html\\HtmlServiceProvider' not found at /home/nxgbxuzv/crm.nxgbs.com/vendor/laravel/framework/src/Illuminate/Foundation/ProviderRepository.php:208)
[stacktrace]
#0 /home/nxgbxuzv/crm.nxgbs.com/vendor/laravel/framework/src/Illuminate/Foundation/ProviderRepository.php(144): Illuminate\\Foundation\\ProviderRepository->createProvider('Collective\\\\Html...')
#1 /home/nxgbxuzv/crm.nxgbs.com/vendor/laravel/framework/src/Illuminate/Foundation/ProviderRepository.php(61): Illuminate\\Foundation\\ProviderRepository->compileManifest(Array)
#2 /home/nxgbxuzv/crm.nxgbs.com/vendor/laravel/framework/src/Illuminate/Foundation/Application.php(604): Illuminate\\Foundation\\ProviderRepository->load(Array)
#3 /home/nxgbxuzv/crm.nxgbs.com/vendor/laravel/framework/src/Illuminate/Foundation/Bootstrap/RegisterProviders.php(17): Illuminate\\Foundation\\Application->registerConfiguredProviders()
#4 /home/nxgbxuzv/crm.nxgbs.com/vendor/laravel/framework/src/Illuminate/Foundation/Application.php(230): Illuminate\\Foundation\\Bootstrap\\RegisterProviders->bootstrap(Object(Illuminate\\Foundation\\Application))
#5 /home/nxgbxuzv/crm.nxgbs.com/vendor/laravel/framework/src/Illuminate/Foundation/Console/Kernel.php(310): Illuminate\\Foundation\\Application->bootstrapWith(Array)
#6 /home/nxgbxuzv/crm.nxgbs.com/vendor/laravel/framework/src/Illuminate/Foundation/Console/Kernel.php(127): Illuminate\\Foundation\\Console\\Kernel->bootstrap()
#7 /home/nxgbxuzv/crm.nxgbs.com/artisan(37): Illuminate\\Foundation\\Console\\Kernel->handle(Object(Symfony\\Component\\Console\\Input\\ArgvInput), Object(Symfony\\Component\\Console\\Output\\ConsoleOutput))
#8 {main}
"} 
[2020-09-08 07:34:35] local.ERROR: Class 'Collective\Html\HtmlServiceProvider' not found {"exception":"[object] (Error(code: 0): Class 'Collective\\Html\\HtmlServiceProvider' not found at /home/nxgbxuzv/crm.nxgbs.com/vendor/laravel/framework/src/Illuminate/Foundation/ProviderRepository.php:208)
[stacktrace]
#0 /home/nxgbxuzv/crm.nxgbs.com/vendor/laravel/framework/src/Illuminate/Foundation/ProviderRepository.php(144): Illuminate\\Foundation\\ProviderRepository->createProvider('Collective\\\\Html...')
#1 /home/nxgbxuzv/crm.nxgbs.com/vendor/laravel/framework/src/Illuminate/Foundation/ProviderRepository.php(61): Illuminate\\Foundation\\ProviderRepository->compileManifest(Array)
#2 /home/nxgbxuzv/crm.nxgbs.com/vendor/laravel/framework/src/Illuminate/Foundation/Application.php(604): Illuminate\\Foundation\\ProviderRepository->load(Array)
#3 /home/nxgbxuzv/crm.nxgbs.com/vendor/laravel/framework/src/Illuminate/Foundation/Bootstrap/RegisterProviders.php(17): Illuminate\\Foundation\\Application->registerConfiguredProviders()
#4 /home/nxgbxuzv/crm.nxgbs.com/vendor/laravel/framework/src/Illuminate/Foundation/Application.php(230): Illuminate\\Foundation\\Bootstrap\\RegisterProviders->bootstrap(Object(Illuminate\\Foundation\\Application))
#5 /home/nxgbxuzv/crm.nxgbs.com/vendor/laravel/framework/src/Illuminate/Foundation/Http/Kernel.php(151): Illuminate\\Foundation\\Application->bootstrapWith(Array)
#6 /home/nxgbxuzv/crm.nxgbs.com/vendor/laravel/framework/src/Illuminate/Foundation/Http/Kernel.php(135): Illuminate\\Foundation\\Http\\Kernel->bootstrap()
#7 /home/nxgbxuzv/crm.nxgbs.com/vendor/laravel/framework/src/Illuminate/Foundation/Http/Kernel.php(109): Illuminate\\Foundation\\Http\\Kernel->sendRequestThroughRouter(Object(Illuminate\\Http\\Request))
#8 /home/nxgbxuzv/crm.nxgbs.com/public/index.php(55): Illuminate\\Foundation\\Http\\Kernel->handle(Object(Illuminate\\Http\\Request))
#9 {main}
"} 
[2020-09-08 07:34:38] local.ERROR: Class 'Collective\Html\HtmlServiceProvider' not found {"exception":"[object] (Error(code: 0): Class 'Collective\\Html\\HtmlServiceProvider' not found at /home/nxgbxuzv/crm.nxgbs.com/vendor/laravel/framework/src/Illuminate/Foundation/ProviderRepository.php:208)
[stacktrace]
#0 /home/nxgbxuzv/crm.nxgbs.com/vendor/laravel/framework/src/Illuminate/Foundation/ProviderRepository.php(144): Illuminate\\Foundation\\ProviderRepository->createProvider('Collective\\\\Html...')
#1 /home/nxgbxuzv/crm.nxgbs.com/vendor/laravel/framework/src/Illuminate/Foundation/ProviderRepository.php(61): Illuminate\\Foundation\\ProviderRepository->compileManifest(Array)
#2 /home/nxgbxuzv/crm.nxgbs.com/vendor/laravel/framework/src/Illuminate/Foundation/Application.php(604): Illuminate\\Foundation\\ProviderRepository->load(Array)
#3 /home/nxgbxuzv/crm.nxgbs.com/vendor/laravel/framework/src/Illuminate/Foundation/Bootstrap/RegisterProviders.php(17): Illuminate\\Foundation\\Application->registerConfiguredProviders()
#4 /home/nxgbxuzv/crm.nxgbs.com/vendor/laravel/framework/src/Illuminate/Foundation/Application.php(230): Illuminate\\Foundation\\Bootstrap\\RegisterProviders->bootstrap(Object(Illuminate\\Foundation\\Application))
#5 /home/nxgbxuzv/crm.nxgbs.com/vendor/laravel/framework/src/Illuminate/Foundation/Http/Kernel.php(151): Illuminate\\Foundation\\Application->bootstrapWith(Array)
#6 /home/nxgbxuzv/crm.nxgbs.com/vendor/laravel/framework/src/Illuminate/Foundation/Http/Kernel.php(135): Illuminate\\Foundation\\Http\\Kernel->bootstrap()
#7 /home/nxgbxuzv/crm.nxgbs.com/vendor/laravel/framework/src/Illuminate/Foundation/Http/Kernel.php(109): Illuminate\\Foundation\\Http\\Kernel->sendRequestThroughRouter(Object(Illuminate\\Http\\Request))
#8 /home/nxgbxuzv/crm.nxgbs.com/public/index.php(55): Illuminate\\Foundation\\Http\\Kernel->handle(Object(Illuminate\\Http\\Request))
#9 {main}
"} 
[2020-09-08 07:35:54] local.ERROR: Class 'Collective\Html\HtmlServiceProvider' not found {"exception":"[object] (Error(code: 0): Class 'Collective\\Html\\HtmlServiceProvider' not found at /home/nxgbxuzv/crm.nxgbs.com/vendor/laravel/framework/src/Illuminate/Foundation/ProviderRepository.php:208)
[stacktrace]
#0 /home/nxgbxuzv/crm.nxgbs.com/vendor/laravel/framework/src/Illuminate/Foundation/ProviderRepository.php(144): Illuminate\\Foundation\\ProviderRepository->createProvider('Collective\\\\Html...')
#1 /home/nxgbxuzv/crm.nxgbs.com/vendor/laravel/framework/src/Illuminate/Foundation/ProviderRepository.php(61): Illuminate\\Foundation\\ProviderRepository->compileManifest(Array)
#2 /home/nxgbxuzv/crm.nxgbs.com/vendor/laravel/framework/src/Illuminate/Foundation/Application.php(604): Illuminate\\Foundation\\ProviderRepository->load(Array)
#3 /home/nxgbxuzv/crm.nxgbs.com/vendor/laravel/framework/src/Illuminate/Foundation/Bootstrap/RegisterProviders.php(17): Illuminate\\Foundation\\Application->registerConfiguredProviders()
#4 /home/nxgbxuzv/crm.nxgbs.com/vendor/laravel/framework/src/Illuminate/Foundation/Application.php(230): Illuminate\\Foundation\\Bootstrap\\RegisterProviders->bootstrap(Object(Illuminate\\Foundation\\Application))
#5 /home/nxgbxuzv/crm.nxgbs.com/vendor/laravel/framework/src/Illuminate/Foundation/Http/Kernel.php(151): Illuminate\\Foundation\\Application->bootstrapWith(Array)
#6 /home/nxgbxuzv/crm.nxgbs.com/vendor/laravel/framework/src/Illuminate/Foundation/Http/Kernel.php(135): Illuminate\\Foundation\\Http\\Kernel->bootstrap()
#7 /home/nxgbxuzv/crm.nxgbs.com/vendor/laravel/framework/src/Illuminate/Foundation/Http/Kernel.php(109): Illuminate\\Foundation\\Http\\Kernel->sendRequestThroughRouter(Object(Illuminate\\Http\\Request))
#8 /home/nxgbxuzv/crm.nxgbs.com/public/index.php(55): Illuminate\\Foundation\\Http\\Kernel->handle(Object(Illuminate\\Http\\Request))
#9 {main}
"} 
[2020-09-08 07:35:57] local.ERROR: Class 'Collective\Html\HtmlServiceProvider' not found {"exception":"[object] (Error(code: 0): Class 'Collective\\Html\\HtmlServiceProvider' not found at /home/nxgbxuzv/crm.nxgbs.com/vendor/laravel/framework/src/Illuminate/Foundation/ProviderRepository.php:208)
[stacktrace]
#0 /home/nxgbxuzv/crm.nxgbs.com/vendor/laravel/framework/src/Illuminate/Foundation/ProviderRepository.php(144): Illuminate\\Foundation\\ProviderRepository->createProvider('Collective\\\\Html...')
#1 /home/nxgbxuzv/crm.nxgbs.com/vendor/laravel/framework/src/Illuminate/Foundation/ProviderRepository.php(61): Illuminate\\Foundation\\ProviderRepository->compileManifest(Array)
#2 /home/nxgbxuzv/crm.nxgbs.com/vendor/laravel/framework/src/Illuminate/Foundation/Application.php(604): Illuminate\\Foundation\\ProviderRepository->load(Array)
#3 /home/nxgbxuzv/crm.nxgbs.com/vendor/laravel/framework/src/Illuminate/Foundation/Bootstrap/RegisterProviders.php(17): Illuminate\\Foundation\\Application->registerConfiguredProviders()
#4 /home/nxgbxuzv/crm.nxgbs.com/vendor/laravel/framework/src/Illuminate/Foundation/Application.php(230): Illuminate\\Foundation\\Bootstrap\\RegisterProviders->bootstrap(Object(Illuminate\\Foundation\\Application))
#5 /home/nxgbxuzv/crm.nxgbs.com/vendor/laravel/framework/src/Illuminate/Foundation/Http/Kernel.php(151): Illuminate\\Foundation\\Application->bootstrapWith(Array)
#6 /home/nxgbxuzv/crm.nxgbs.com/vendor/laravel/framework/src/Illuminate/Foundation/Http/Kernel.php(135): Illuminate\\Foundation\\Http\\Kernel->bootstrap()
#7 /home/nxgbxuzv/crm.nxgbs.com/vendor/laravel/framework/src/Illuminate/Foundation/Http/Kernel.php(109): Illuminate\\Foundation\\Http\\Kernel->sendRequestThroughRouter(Object(Illuminate\\Http\\Request))
#8 /home/nxgbxuzv/crm.nxgbs.com/public/index.php(55): Illuminate\\Foundation\\Http\\Kernel->handle(Object(Illuminate\\Http\\Request))
#9 {main}
"} 
[2020-09-08 07:36:18] local.ERROR: Class 'Collective\Html\HtmlServiceProvider' not found {"exception":"[object] (Error(code: 0): Class 'Collective\\Html\\HtmlServiceProvider' not found at /home/nxgbxuzv/crm.nxgbs.com/vendor/laravel/framework/src/Illuminate/Foundation/ProviderRepository.php:208)
[stacktrace]
#0 /home/nxgbxuzv/crm.nxgbs.com/vendor/laravel/framework/src/Illuminate/Foundation/ProviderRepository.php(144): Illuminate\\Foundation\\ProviderRepository->createProvider('Collective\\\\Html...')
#1 /home/nxgbxuzv/crm.nxgbs.com/vendor/laravel/framework/src/Illuminate/Foundation/ProviderRepository.php(61): Illuminate\\Foundation\\ProviderRepository->compileManifest(Array)
#2 /home/nxgbxuzv/crm.nxgbs.com/vendor/laravel/framework/src/Illuminate/Foundation/Application.php(604): Illuminate\\Foundation\\ProviderRepository->load(Array)
#3 /home/nxgbxuzv/crm.nxgbs.com/vendor/laravel/framework/src/Illuminate/Foundation/Bootstrap/RegisterProviders.php(17): Illuminate\\Foundation\\Application->registerConfiguredProviders()
#4 /home/nxgbxuzv/crm.nxgbs.com/vendor/laravel/framework/src/Illuminate/Foundation/Application.php(230): Illuminate\\Foundation\\Bootstrap\\RegisterProviders->bootstrap(Object(Illuminate\\Foundation\\Application))
#5 /home/nxgbxuzv/crm.nxgbs.com/vendor/laravel/framework/src/Illuminate/Foundation/Http/Kernel.php(151): Illuminate\\Foundation\\Application->bootstrapWith(Array)
#6 /home/nxgbxuzv/crm.nxgbs.com/vendor/laravel/framework/src/Illuminate/Foundation/Http/Kernel.php(135): Illuminate\\Foundation\\Http\\Kernel->bootstrap()
#7 /home/nxgbxuzv/crm.nxgbs.com/vendor/laravel/framework/src/Illuminate/Foundation/Http/Kernel.php(109): Illuminate\\Foundation\\Http\\Kernel->sendRequestThroughRouter(Object(Illuminate\\Http\\Request))
#8 /home/nxgbxuzv/crm.nxgbs.com/public/index.php(55): Illuminate\\Foundation\\Http\\Kernel->handle(Object(Illuminate\\Http\\Request))
#9 {main}
"} 
[2020-09-08 07:37:32] local.ERROR: Class 'Collective\Html\HtmlServiceProvider' not found {"exception":"[object] (Error(code: 0): Class 'Collective\\Html\\HtmlServiceProvider' not found at /home/nxgbxuzv/crm.nxgbs.com/vendor/laravel/framework/src/Illuminate/Foundation/ProviderRepository.php:208)
[stacktrace]
#0 /home/nxgbxuzv/crm.nxgbs.com/vendor/laravel/framework/src/Illuminate/Foundation/ProviderRepository.php(144): Illuminate\\Foundation\\ProviderRepository->createProvider('Collective\\\\Html...')
#1 /home/nxgbxuzv/crm.nxgbs.com/vendor/laravel/framework/src/Illuminate/Foundation/ProviderRepository.php(61): Illuminate\\Foundation\\ProviderRepository->compileManifest(Array)
#2 /home/nxgbxuzv/crm.nxgbs.com/vendor/laravel/framework/src/Illuminate/Foundation/Application.php(604): Illuminate\\Foundation\\ProviderRepository->load(Array)
#3 /home/nxgbxuzv/crm.nxgbs.com/vendor/laravel/framework/src/Illuminate/Foundation/Bootstrap/RegisterProviders.php(17): Illuminate\\Foundation\\Application->registerConfiguredProviders()
#4 /home/nxgbxuzv/crm.nxgbs.com/vendor/laravel/framework/src/Illuminate/Foundation/Application.php(230): Illuminate\\Foundation\\Bootstrap\\RegisterProviders->bootstrap(Object(Illuminate\\Foundation\\Application))
#5 /home/nxgbxuzv/crm.nxgbs.com/vendor/laravel/framework/src/Illuminate/Foundation/Http/Kernel.php(151): Illuminate\\Foundation\\Application->bootstrapWith(Array)
#6 /home/nxgbxuzv/crm.nxgbs.com/vendor/laravel/framework/src/Illuminate/Foundation/Http/Kernel.php(135): Illuminate\\Foundation\\Http\\Kernel->bootstrap()
#7 /home/nxgbxuzv/crm.nxgbs.com/vendor/laravel/framework/src/Illuminate/Foundation/Http/Kernel.php(109): Illuminate\\Foundation\\Http\\Kernel->sendRequestThroughRouter(Object(Illuminate\\Http\\Request))
#8 /home/nxgbxuzv/crm.nxgbs.com/public/index.php(55): Illuminate\\Foundation\\Http\\Kernel->handle(Object(Illuminate\\Http\\Request))
#9 {main}
"} 
[2020-09-08 07:38:15] local.ERROR: Class 'Collective\Html\HtmlServiceProvider' not found {"exception":"[object] (Error(code: 0): Class 'Collective\\Html\\HtmlServiceProvider' not found at /home/nxgbxuzv/crm.nxgbs.com/vendor/laravel/framework/src/Illuminate/Foundation/ProviderRepository.php:208)
[stacktrace]
#0 /home/nxgbxuzv/crm.nxgbs.com/vendor/laravel/framework/src/Illuminate/Foundation/ProviderRepository.php(144): Illuminate\\Foundation\\ProviderRepository->createProvider('Collective\\\\Html...')
#1 /home/nxgbxuzv/crm.nxgbs.com/vendor/laravel/framework/src/Illuminate/Foundation/ProviderRepository.php(61): Illuminate\\Foundation\\ProviderRepository->compileManifest(Array)
#2 /home/nxgbxuzv/crm.nxgbs.com/vendor/laravel/framework/src/Illuminate/Foundation/Application.php(604): Illuminate\\Foundation\\ProviderRepository->load(Array)
#3 /home/nxgbxuzv/crm.nxgbs.com/vendor/laravel/framework/src/Illuminate/Foundation/Bootstrap/RegisterProviders.php(17): Illuminate\\Foundation\\Application->registerConfiguredProviders()
#4 /home/nxgbxuzv/crm.nxgbs.com/vendor/laravel/framework/src/Illuminate/Foundation/Application.php(230): Illuminate\\Foundation\\Bootstrap\\RegisterProviders->bootstrap(Object(Illuminate\\Foundation\\Application))
#5 /home/nxgbxuzv/crm.nxgbs.com/vendor/laravel/framework/src/Illuminate/Foundation/Console/Kernel.php(310): Illuminate\\Foundation\\Application->bootstrapWith(Array)
#6 /home/nxgbxuzv/crm.nxgbs.com/vendor/laravel/framework/src/Illuminate/Foundation/Console/Kernel.php(127): Illuminate\\Foundation\\Console\\Kernel->bootstrap()
#7 /home/nxgbxuzv/crm.nxgbs.com/artisan(37): Illuminate\\Foundation\\Console\\Kernel->handle(Object(Symfony\\Component\\Console\\Input\\ArgvInput), Object(Symfony\\Component\\Console\\Output\\ConsoleOutput))
#8 {main}
"} 
[2020-09-08 07:40:24] local.ERROR: Unable to prepare route [api/user] for serialization. Uses Closure. {"exception":"[object] (LogicException(code: 0): Unable to prepare route [api/user] for serialization. Uses Closure. at /home/nxgbxuzv/crm.nxgbs.com/vendor/laravel/framework/src/Illuminate/Routing/Route.php:1081)
[stacktrace]
#0 /home/nxgbxuzv/crm.nxgbs.com/vendor/laravel/framework/src/Illuminate/Foundation/Console/RouteCacheCommand.php(62): Illuminate\\Routing\\Route->prepareForSerialization()
#1 [internal function]: Illuminate\\Foundation\\Console\\RouteCacheCommand->handle()
#2 /home/nxgbxuzv/crm.nxgbs.com/vendor/laravel/framework/src/Illuminate/Container/BoundMethod.php(33): call_user_func_array(Array, Array)
#3 /home/nxgbxuzv/crm.nxgbs.com/vendor/laravel/framework/src/Illuminate/Container/Util.php(36): Illuminate\\Container\\BoundMethod::Illuminate\\Container\\{closure}()
#4 /home/nxgbxuzv/crm.nxgbs.com/vendor/laravel/framework/src/Illuminate/Container/BoundMethod.php(91): Illuminate\\Container\\Util::unwrapIfClosure(Object(Closure))
#5 /home/nxgbxuzv/crm.nxgbs.com/vendor/laravel/framework/src/Illuminate/Container/BoundMethod.php(35): Illuminate\\Container\\BoundMethod::callBoundMethod(Object(Illuminate\\Foundation\\Application), Array, Object(Closure))
#6 /home/nxgbxuzv/crm.nxgbs.com/vendor/laravel/framework/src/Illuminate/Container/Container.php(592): Illuminate\\Container\\BoundMethod::call(Object(Illuminate\\Foundation\\Application), Array, Array, NULL)
#7 /home/nxgbxuzv/crm.nxgbs.com/vendor/laravel/framework/src/Illuminate/Console/Command.php(134): Illuminate\\Container\\Container->call(Array)
#8 /home/nxgbxuzv/crm.nxgbs.com/vendor/symfony/console/Command/Command.php(255): Illuminate\\Console\\Command->execute(Object(Symfony\\Component\\Console\\Input\\ArgvInput), Object(Illuminate\\Console\\OutputStyle))
#9 /home/nxgbxuzv/crm.nxgbs.com/vendor/laravel/framework/src/Illuminate/Console/Command.php(121): Symfony\\Component\\Console\\Command\\Command->run(Object(Symfony\\Component\\Console\\Input\\ArgvInput), Object(Illuminate\\Console\\OutputStyle))
#10 /home/nxgbxuzv/crm.nxgbs.com/vendor/symfony/console/Application.php(912): Illuminate\\Console\\Command->run(Object(Symfony\\Component\\Console\\Input\\ArgvInput), Object(Symfony\\Component\\Console\\Output\\ConsoleOutput))
#11 /home/nxgbxuzv/crm.nxgbs.com/vendor/symfony/console/Application.php(264): Symfony\\Component\\Console\\Application->doRunCommand(Object(Illuminate\\Foundation\\Console\\RouteCacheCommand), Object(Symfony\\Component\\Console\\Input\\ArgvInput), Object(Symfony\\Component\\Console\\Output\\ConsoleOutput))
#12 /home/nxgbxuzv/crm.nxgbs.com/vendor/symfony/console/Application.php(140): Symfony\\Component\\Console\\Application->doRun(Object(Symfony\\Component\\Console\\Input\\ArgvInput), Object(Symfony\\Component\\Console\\Output\\ConsoleOutput))
#13 /home/nxgbxuzv/crm.nxgbs.com/vendor/laravel/framework/src/Illuminate/Console/Application.php(93): Symfony\\Component\\Console\\Application->run(Object(Symfony\\Component\\Console\\Input\\ArgvInput), Object(Symfony\\Component\\Console\\Output\\ConsoleOutput))
#14 /home/nxgbxuzv/crm.nxgbs.com/vendor/laravel/framework/src/Illuminate/Foundation/Console/Kernel.php(129): Illuminate\\Console\\Application->run(Object(Symfony\\Component\\Console\\Input\\ArgvInput), Object(Symfony\\Component\\Console\\Output\\ConsoleOutput))
#15 /home/nxgbxuzv/crm.nxgbs.com/artisan(37): Illuminate\\Foundation\\Console\\Kernel->handle(Object(Symfony\\Component\\Console\\Input\\ArgvInput), Object(Symfony\\Component\\Console\\Output\\ConsoleOutput))
#16 {main}
"} 
[2020-09-08 07:57:41] local.ERROR: Class 'Image' not found {"userId":1,"exception":"[object] (Error(code: 0): Class 'Image' not found at /home/nxgbxuzv/crm.nxgbs.com/app/User.php:58)
[stacktrace]
#0 /home/nxgbxuzv/crm.nxgbs.com/app/Http/Controllers/Admin/ProfileController.php(64): App\\User::uploadImage('images/profile_...', Object(Illuminate\\Http\\UploadedFile), 400)
#1 [internal function]: App\\Http\\Controllers\\Admin\\ProfileController->editprofile(Object(Illuminate\\Http\\Request))
#2 /home/nxgbxuzv/crm.nxgbs.com/vendor/laravel/framework/src/Illuminate/Routing/Controller.php(54): call_user_func_array(Array, Array)
#3 /home/nxgbxuzv/crm.nxgbs.com/vendor/laravel/framework/src/Illuminate/Routing/ControllerDispatcher.php(45): Illuminate\\Routing\\Controller->callAction('editprofile', Array)
#4 /home/nxgbxuzv/crm.nxgbs.com/vendor/laravel/framework/src/Illuminate/Routing/Route.php(225): Illuminate\\Routing\\ControllerDispatcher->dispatch(Object(Illuminate\\Routing\\Route), Object(App\\Http\\Controllers\\Admin\\ProfileController), 'editprofile')
#5 /home/nxgbxuzv/crm.nxgbs.com/vendor/laravel/framework/src/Illuminate/Routing/Route.php(182): Illuminate\\Routing\\Route->runController()
#6 /home/nxgbxuzv/crm.nxgbs.com/vendor/laravel/framework/src/Illuminate/Routing/Router.php(685): Illuminate\\Routing\\Route->run()
#7 /home/nxgbxuzv/crm.nxgbs.com/vendor/laravel/framework/src/Illuminate/Pipeline/Pipeline.php(128): Illuminate\\Routing\\Router->Illuminate\\Routing\\{closure}(Object(Illuminate\\Http\\Request))
#8 /home/nxgbxuzv/crm.nxgbs.com/app/Http/Middleware/ProfileStatus.php(28): Illuminate\\Pipeline\\Pipeline->Illuminate\\Pipeline\\{closure}(Object(Illuminate\\Http\\Request))
#9 /home/nxgbxuzv/crm.nxgbs.com/vendor/laravel/framework/src/Illuminate/Pipeline/Pipeline.php(167): App\\Http\\Middleware\\ProfileStatus->handle(Object(Illuminate\\Http\\Request), Object(Closure))
#10 /home/nxgbxuzv/crm.nxgbs.com/vendor/laravel/framework/src/Illuminate/Foundation/Http/Middleware/VerifyCsrfToken.php(76): Illuminate\\Pipeline\\Pipeline->Illuminate\\Pipeline\\{closure}(Object(Illuminate\\Http\\Request))
#11 /home/nxgbxuzv/crm.nxgbs.com/vendor/laravel/framework/src/Illuminate/Pipeline/Pipeline.php(167): Illuminate\\Foundation\\Http\\Middleware\\VerifyCsrfToken->handle(Object(Illuminate\\Http\\Request), Object(Closure))
#12 /home/nxgbxuzv/crm.nxgbs.com/vendor/laravel/framework/src/Illuminate/View/Middleware/ShareErrorsFromSession.php(49): Illuminate\\Pipeline\\Pipeline->Illuminate\\Pipeline\\{closure}(Object(Illuminate\\Http\\Request))
#13 /home/nxgbxuzv/crm.nxgbs.com/vendor/laravel/framework/src/Illuminate/Pipeline/Pipeline.php(167): Illuminate\\View\\Middleware\\ShareErrorsFromSession->handle(Object(Illuminate\\Http\\Request), Object(Closure))
#14 /home/nxgbxuzv/crm.nxgbs.com/vendor/laravel/framework/src/Illuminate/Session/Middleware/StartSession.php(56): Illuminate\\Pipeline\\Pipeline->Illuminate\\Pipeline\\{closure}(Object(Illuminate\\Http\\Request))
#15 /home/nxgbxuzv/crm.nxgbs.com/vendor/laravel/framework/src/Illuminate/Pipeline/Pipeline.php(167): Illuminate\\Session\\Middleware\\StartSession->handle(Object(Illuminate\\Http\\Request), Object(Closure))
#16 /home/nxgbxuzv/crm.nxgbs.com/vendor/laravel/framework/src/Illuminate/Cookie/Middleware/AddQueuedCookiesToResponse.php(37): Illuminate\\Pipeline\\Pipeline->Illuminate\\Pipeline\\{closure}(Object(Illuminate\\Http\\Request))
#17 /home/nxgbxuzv/crm.nxgbs.com/vendor/laravel/framework/src/Illuminate/Pipeline/Pipeline.php(167): Illuminate\\Cookie\\Middleware\\AddQueuedCookiesToResponse->handle(Object(Illuminate\\Http\\Request), Object(Closure))
#18 /home/nxgbxuzv/crm.nxgbs.com/vendor/laravel/framework/src/Illuminate/Cookie/Middleware/EncryptCookies.php(66): Illuminate\\Pipeline\\Pipeline->Illuminate\\Pipeline\\{closure}(Object(Illuminate\\Http\\Request))
#19 /home/nxgbxuzv/crm.nxgbs.com/vendor/laravel/framework/src/Illuminate/Pipeline/Pipeline.php(167): Illuminate\\Cookie\\Middleware\\EncryptCookies->handle(Object(Illuminate\\Http\\Request), Object(Closure))
#20 /home/nxgbxuzv/crm.nxgbs.com/vendor/laravel/framework/src/Illuminate/Pipeline/Pipeline.php(103): Illuminate\\Pipeline\\Pipeline->Illuminate\\Pipeline\\{closure}(Object(Illuminate\\Http\\Request))
#21 /home/nxgbxuzv/crm.nxgbs.com/vendor/laravel/framework/src/Illuminate/Routing/Router.php(687): Illuminate\\Pipeline\\Pipeline->then(Object(Closure))
#22 /home/nxgbxuzv/crm.nxgbs.com/vendor/laravel/framework/src/Illuminate/Routing/Router.php(662): Illuminate\\Routing\\Router->runRouteWithinStack(Object(Illuminate\\Routing\\Route), Object(Illuminate\\Http\\Request))
#23 /home/nxgbxuzv/crm.nxgbs.com/vendor/laravel/framework/src/Illuminate/Routing/Router.php(628): Illuminate\\Routing\\Router->runRoute(Object(Illuminate\\Http\\Request), Object(Illuminate\\Routing\\Route))
#24 /home/nxgbxuzv/crm.nxgbs.com/vendor/laravel/framework/src/Illuminate/Routing/Router.php(617): Illuminate\\Routing\\Router->dispatchToRoute(Object(Illuminate\\Http\\Request))
#25 /home/nxgbxuzv/crm.nxgbs.com/vendor/laravel/framework/src/Illuminate/Foundation/Http/Kernel.php(165): Illuminate\\Routing\\Router->dispatch(Object(Illuminate\\Http\\Request))
#26 /home/nxgbxuzv/crm.nxgbs.com/vendor/laravel/framework/src/Illuminate/Pipeline/Pipeline.php(128): Illuminate\\Foundation\\Http\\Kernel->Illuminate\\Foundation\\Http\\{closure}(Object(Illuminate\\Http\\Request))
#27 /home/nxgbxuzv/crm.nxgbs.com/vendor/laravel/framework/src/Illuminate/Foundation/Http/Middleware/CheckForMaintenanceMode.php(63): Illuminate\\Pipeline\\Pipeline->Illuminate\\Pipeline\\{closure}(Object(Illuminate\\Http\\Request))
#28 /home/nxgbxuzv/crm.nxgbs.com/vendor/laravel/framework/src/Illuminate/Pipeline/Pipeline.php(167): Illuminate\\Foundation\\Http\\Middleware\\CheckForMaintenanceMode->handle(Object(Illuminate\\Http\\Request), Object(Closure))
#29 /home/nxgbxuzv/crm.nxgbs.com/vendor/laravel/framework/src/Illuminate/Pipeline/Pipeline.php(103): Illuminate\\Pipeline\\Pipeline->Illuminate\\Pipeline\\{closure}(Object(Illuminate\\Http\\Request))
#30 /home/nxgbxuzv/crm.nxgbs.com/vendor/laravel/framework/src/Illuminate/Foundation/Http/Kernel.php(140): Illuminate\\Pipeline\\Pipeline->then(Object(Closure))
#31 /home/nxgbxuzv/crm.nxgbs.com/vendor/laravel/framework/src/Illuminate/Foundation/Http/Kernel.php(109): Illuminate\\Foundation\\Http\\Kernel->sendRequestThroughRouter(Object(Illuminate\\Http\\Request))
#32 /home/nxgbxuzv/crm.nxgbs.com/public/index.php(55): Illuminate\\Foundation\\Http\\Kernel->handle(Object(Illuminate\\Http\\Request))
#33 {main}
"} 
[2020-09-08 09:40:50] local.ERROR: Unable to prepare route [api/user] for serialization. Uses Closure. {"exception":"[object] (LogicException(code: 0): Unable to prepare route [api/user] for serialization. Uses Closure. at /home/nxgbxuzv/crm.nxgbs.com/vendor/laravel/framework/src/Illuminate/Routing/Route.php:1081)
[stacktrace]
#0 /home/nxgbxuzv/crm.nxgbs.com/vendor/laravel/framework/src/Illuminate/Foundation/Console/RouteCacheCommand.php(62): Illuminate\\Routing\\Route->prepareForSerialization()
#1 [internal function]: Illuminate\\Foundation\\Console\\RouteCacheCommand->handle()
#2 /home/nxgbxuzv/crm.nxgbs.com/vendor/laravel/framework/src/Illuminate/Container/BoundMethod.php(33): call_user_func_array(Array, Array)
#3 /home/nxgbxuzv/crm.nxgbs.com/vendor/laravel/framework/src/Illuminate/Container/Util.php(36): Illuminate\\Container\\BoundMethod::Illuminate\\Container\\{closure}()
#4 /home/nxgbxuzv/crm.nxgbs.com/vendor/laravel/framework/src/Illuminate/Container/BoundMethod.php(91): Illuminate\\Container\\Util::unwrapIfClosure(Object(Closure))
#5 /home/nxgbxuzv/crm.nxgbs.com/vendor/laravel/framework/src/Illuminate/Container/BoundMethod.php(35): Illuminate\\Container\\BoundMethod::callBoundMethod(Object(Illuminate\\Foundation\\Application), Array, Object(Closure))
#6 /home/nxgbxuzv/crm.nxgbs.com/vendor/laravel/framework/src/Illuminate/Container/Container.php(592): Illuminate\\Container\\BoundMethod::call(Object(Illuminate\\Foundation\\Application), Array, Array, NULL)
#7 /home/nxgbxuzv/crm.nxgbs.com/vendor/laravel/framework/src/Illuminate/Console/Command.php(134): Illuminate\\Container\\Container->call(Array)
#8 /home/nxgbxuzv/crm.nxgbs.com/vendor/symfony/console/Command/Command.php(255): Illuminate\\Console\\Command->execute(Object(Symfony\\Component\\Console\\Input\\ArgvInput), Object(Illuminate\\Console\\OutputStyle))
#9 /home/nxgbxuzv/crm.nxgbs.com/vendor/laravel/framework/src/Illuminate/Console/Command.php(121): Symfony\\Component\\Console\\Command\\Command->run(Object(Symfony\\Component\\Console\\Input\\ArgvInput), Object(Illuminate\\Console\\OutputStyle))
#10 /home/nxgbxuzv/crm.nxgbs.com/vendor/symfony/console/Application.php(912): Illuminate\\Console\\Command->run(Object(Symfony\\Component\\Console\\Input\\ArgvInput), Object(Symfony\\Component\\Console\\Output\\ConsoleOutput))
#11 /home/nxgbxuzv/crm.nxgbs.com/vendor/symfony/console/Application.php(264): Symfony\\Component\\Console\\Application->doRunCommand(Object(Illuminate\\Foundation\\Console\\RouteCacheCommand), Object(Symfony\\Component\\Console\\Input\\ArgvInput), Object(Symfony\\Component\\Console\\Output\\ConsoleOutput))
#12 /home/nxgbxuzv/crm.nxgbs.com/vendor/symfony/console/Application.php(140): Symfony\\Component\\Console\\Application->doRun(Object(Symfony\\Component\\Console\\Input\\ArgvInput), Object(Symfony\\Component\\Console\\Output\\ConsoleOutput))
#13 /home/nxgbxuzv/crm.nxgbs.com/vendor/laravel/framework/src/Illuminate/Console/Application.php(93): Symfony\\Component\\Console\\Application->run(Object(Symfony\\Component\\Console\\Input\\ArgvInput), Object(Symfony\\Component\\Console\\Output\\ConsoleOutput))
#14 /home/nxgbxuzv/crm.nxgbs.com/vendor/laravel/framework/src/Illuminate/Foundation/Console/Kernel.php(129): Illuminate\\Console\\Application->run(Object(Symfony\\Component\\Console\\Input\\ArgvInput), Object(Symfony\\Component\\Console\\Output\\ConsoleOutput))
#15 /home/nxgbxuzv/crm.nxgbs.com/artisan(37): Illuminate\\Foundation\\Console\\Kernel->handle(Object(Symfony\\Component\\Console\\Input\\ArgvInput), Object(Symfony\\Component\\Console\\Output\\ConsoleOutput))
#16 {main}
"} 
